root: INFO: Config:
root: INFO: embedding_file: resource/embedding/pre_trained_100dim.model
root: INFO: embedding_dim: 100
root: INFO: batch_size: 128
root: INFO: hidden_dim: 200
root: INFO: epochs: 800
root: INFO: learning_rate: 0.001
root: INFO: optimizer: RMSprop
root: INFO: use_iobes: True
root: INFO: from_begin: True
root: INFO: dataset: ec
root: INFO: use_pa: True
root: INFO: no_distant: False
root: INFO: max_len: 75
root: INFO: 
root: INFO: [1816 / 1865] chars has corresponding pre-trained embeddings.
root: INFO: number of pre-trained embeddings: 4370
root: INFO: Using LstmCrfPaSl.
root: INFO: [Epoch 1 / 800] [Loss: 17983.447205] [Time: 46.475923]
root: INFO: [Dev set] [precision 21.283255] [recall 28.631579] [fscore 24.416517]
root: INFO: [test set] [precision 21.134421] [recall 29.629630] [fscore 24.671202]
root: INFO: 
root: INFO: Save the best model.
root: INFO: [Epoch 2 / 800] [Loss: 17257.511292] [Time: 49.232277]
root: INFO: [Dev set] [precision 31.313131] [recall 32.631579] [fscore 31.958763]
root: INFO: [test set] [precision 29.931305] [recall 33.224401] [fscore 31.491998]
root: INFO: 
root: INFO: Save the best model.
root: INFO: [Epoch 3 / 800] [Loss: 12853.708313] [Time: 50.645850]
root: INFO: [Dev set] [precision 37.944664] [recall 40.421053] [fscore 39.143731]
root: INFO: [test set] [precision 35.735736] [recall 38.888889] [fscore 37.245696]
root: INFO: 
root: INFO: Save the best model.
root: INFO: [Epoch 4 / 800] [Loss: 10685.423630] [Time: 47.980373]
root: INFO: [Dev set] [precision 41.992188] [recall 45.263158] [fscore 43.566363]
root: INFO: [test set] [precision 39.147671] [recall 43.028322] [fscore 40.996367]
root: INFO: 
root: INFO: Save the best model.
root: INFO: [Epoch 5 / 800] [Loss: 8788.101982] [Time: 47.500092]
root: INFO: [Dev set] [precision 43.511450] [recall 48.000000] [fscore 45.645646]
root: INFO: [test set] [precision 41.774676] [recall 45.642702] [fscore 43.623113]
root: INFO: 
root: INFO: Save the best model.
root: INFO: [Epoch 6 / 800] [Loss: 7946.956757] [Time: 48.937110]
root: INFO: [Dev set] [precision 46.067416] [recall 51.789474] [fscore 48.761150]
root: INFO: [test set] [precision 42.786561] [recall 47.167756] [fscore 44.870466]
root: INFO: 
root: INFO: Save the best model.
root: INFO: [Epoch 7 / 800] [Loss: 7063.057697] [Time: 49.092663]
root: INFO: [Dev set] [precision 47.024952] [recall 51.578947] [fscore 49.196787]
root: INFO: [test set] [precision 45.720040] [recall 49.455338] [fscore 47.514390]
root: INFO: 
root: INFO: Save the best model.
root: INFO: [Epoch 8 / 800] [Loss: 6285.407154] [Time: 53.834419]
root: INFO: [Dev set] [precision 49.227799] [recall 53.684211] [fscore 51.359517]
root: INFO: [test set] [precision 47.557328] [recall 51.960784] [fscore 49.661635]
root: INFO: 
root: INFO: Save the best model.
root: INFO: [Epoch 9 / 800] [Loss: 5589.819626] [Time: 49.646151]
root: INFO: [Dev set] [precision 48.859316] [recall 54.105263] [fscore 51.348651]
root: INFO: [test set] [precision 48.422091] [recall 53.485839] [fscore 50.828157]
root: INFO: 
root: INFO: Save the best model.
root: INFO: [Epoch 10 / 800] [Loss: 5109.555325] [Time: 50.119305]
root: INFO: [Dev set] [precision 51.911469] [recall 54.315789] [fscore 53.086420]
root: INFO: [test set] [precision 50.421941] [recall 52.069717] [fscore 51.232583]
root: INFO: 
root: INFO: Save the best model.
root: INFO: [Epoch 11 / 800] [Loss: 4648.009567] [Time: 48.569337]
root: INFO: [Dev set] [precision 51.873767] [recall 55.368421] [fscore 53.564155]
root: INFO: [test set] [precision 50.663943] [recall 54.030501] [fscore 52.293094]
root: INFO: 
root: INFO: Save the best model.
root: INFO: [Epoch 12 / 800] [Loss: 4185.231846] [Time: 52.730353]
root: INFO: [Dev set] [precision 53.846154] [recall 56.000000] [fscore 54.901961]
root: INFO: [test set] [precision 51.540041] [recall 54.684096] [fscore 53.065539]
root: INFO: 
root: INFO: Save the best model.
root: INFO: [Epoch 13 / 800] [Loss: 3820.064419] [Time: 48.867242]
root: INFO: [Dev set] [precision 54.209446] [recall 55.578947] [fscore 54.885655]
root: INFO: [test set] [precision 50.976362] [recall 54.030501] [fscore 52.459016]
root: INFO: 
root: INFO: [Epoch 14 / 800] [Loss: 3543.109941] [Time: 47.979179]
root: INFO: [Dev set] [precision 53.648915] [recall 57.263158] [fscore 55.397149]
root: INFO: [test set] [precision 51.859296] [recall 56.209150] [fscore 53.946681]
root: INFO: 
root: INFO: Save the best model.
root: INFO: [Epoch 15 / 800] [Loss: 3230.516689] [Time: 48.404751]
root: INFO: [Dev set] [precision 55.402750] [recall 59.368421] [fscore 57.317073]
root: INFO: [test set] [precision 52.390641] [recall 56.100218] [fscore 54.182009]
root: INFO: 
root: INFO: Save the best model.
root: INFO: [Epoch 16 / 800] [Loss: 2932.529928] [Time: 53.610014]
root: INFO: [Dev set] [precision 56.477733] [recall 58.736842] [fscore 57.585139]
root: INFO: [test set] [precision 53.105590] [recall 55.882353] [fscore 54.458599]
root: INFO: 
root: INFO: Save the best model.
root: INFO: [Epoch 17 / 800] [Loss: 2741.593578] [Time: 50.025543]
root: INFO: [Dev set] [precision 57.317073] [recall 59.368421] [fscore 58.324716]
root: INFO: [test set] [precision 53.973168] [recall 56.971678] [fscore 55.431902]
root: INFO: 
root: INFO: Save the best model.
root: INFO: [Epoch 18 / 800] [Loss: 2415.037552] [Time: 48.307167]
root: INFO: [Dev set] [precision 56.287425] [recall 59.368421] [fscore 57.786885]
root: INFO: [test set] [precision 52.900000] [recall 57.625272] [fscore 55.161627]
root: INFO: 
root: INFO: [Epoch 19 / 800] [Loss: 2304.521697] [Time: 48.449916]
root: INFO: [Dev set] [precision 55.711423] [recall 58.526316] [fscore 57.084189]
root: INFO: [test set] [precision 53.916582] [recall 57.734205] [fscore 55.760126]
root: INFO: 
root: INFO: Save the best model.
root: INFO: [Epoch 20 / 800] [Loss: 2137.715147] [Time: 48.277012]
root: INFO: [Dev set] [precision 57.755102] [recall 59.578947] [fscore 58.652850]
root: INFO: [test set] [precision 54.647600] [recall 58.278867] [fscore 56.404850]
root: INFO: 
root: INFO: Save the best model.
root: INFO: [Epoch 21 / 800] [Loss: 1943.025154] [Time: 48.138860]
root: INFO: [Dev set] [precision 57.525773] [recall 58.736842] [fscore 58.125000]
root: INFO: [test set] [precision 55.061983] [recall 58.061002] [fscore 56.521739]
root: INFO: 
root: INFO: Save the best model.
root: INFO: [Epoch 22 / 800] [Loss: 1775.168818] [Time: 48.499131]
root: INFO: [Dev set] [precision 58.316222] [recall 59.789474] [fscore 59.043659]
root: INFO: [test set] [precision 55.066530] [recall 58.605664] [fscore 56.781003]
root: INFO: 
root: INFO: Save the best model.
root: INFO: [Epoch 23 / 800] [Loss: 1621.445603] [Time: 54.436580]
root: INFO: [Dev set] [precision 57.373737] [recall 59.789474] [fscore 58.556701]
root: INFO: [test set] [precision 54.769231] [recall 58.169935] [fscore 56.418384]
root: INFO: 
root: INFO: [Epoch 24 / 800] [Loss: 1482.383699] [Time: 55.244300]
root: INFO: [Dev set] [precision 59.251559] [recall 60.000000] [fscore 59.623431]
root: INFO: [test set] [precision 55.475207] [recall 58.496732] [fscore 56.945917]
root: INFO: 
root: INFO: Save the best model.
root: INFO: [Epoch 25 / 800] [Loss: 1412.113993] [Time: 49.462551]
root: INFO: [Dev set] [precision 58.116232] [recall 61.052632] [fscore 59.548255]
root: INFO: [test set] [precision 54.067460] [recall 59.368192] [fscore 56.593977]
root: INFO: 
root: INFO: [Epoch 26 / 800] [Loss: 1320.258233] [Time: 48.720187]
root: INFO: [Dev set] [precision 57.341270] [recall 60.842105] [fscore 59.039837]
root: INFO: [test set] [precision 54.232283] [recall 60.021786] [fscore 56.980352]
root: INFO: 
root: INFO: Save the best model.
root: INFO: [Epoch 27 / 800] [Loss: 1249.585077] [Time: 50.690996]
root: INFO: [Dev set] [precision 58.385093] [recall 59.368421] [fscore 58.872651]
root: INFO: [test set] [precision 55.498458] [recall 58.823529] [fscore 57.112639]
root: INFO: 
root: INFO: Save the best model.
root: INFO: [Epoch 28 / 800] [Loss: 1160.080342] [Time: 49.458178]
root: INFO: [Dev set] [precision 58.382643] [recall 62.315789] [fscore 60.285132]
root: INFO: [test set] [precision 54.436690] [recall 59.477124] [fscore 56.845393]
root: INFO: 
root: INFO: [Epoch 29 / 800] [Loss: 1058.937703] [Time: 48.858477]
root: INFO: [Dev set] [precision 60.000000] [recall 61.263158] [fscore 60.625000]
root: INFO: [test set] [precision 55.717256] [recall 58.387800] [fscore 57.021277]
root: INFO: 
root: INFO: [Epoch 30 / 800] [Loss: 976.022052] [Time: 51.673769]
root: INFO: [Dev set] [precision 59.175258] [recall 60.421053] [fscore 59.791667]
root: INFO: [test set] [precision 55.635988] [recall 58.605664] [fscore 57.082228]
root: INFO: 
root: INFO: [Epoch 31 / 800] [Loss: 904.187778] [Time: 53.942958]
root: INFO: [Dev set] [precision 59.118236] [recall 62.105263] [fscore 60.574949]
root: INFO: [test set] [precision 55.736041] [recall 59.803922] [fscore 57.698371]
root: INFO: 
root: INFO: Save the best model.
root: INFO: [Epoch 32 / 800] [Loss: 840.356949] [Time: 49.098283]
root: INFO: [Dev set] [precision 59.019608] [recall 63.368421] [fscore 61.116751]
root: INFO: [test set] [precision 55.357143] [recall 60.784314] [fscore 57.943925]
root: INFO: 
root: INFO: Save the best model.
root: INFO: [Epoch 33 / 800] [Loss: 772.244424] [Time: 57.062781]
root: INFO: [Dev set] [precision 59.118236] [recall 62.105263] [fscore 60.574949]
root: INFO: [test set] [precision 56.161616] [recall 60.566449] [fscore 58.280922]
root: INFO: 
root: INFO: Save the best model.
root: INFO: [Epoch 34 / 800] [Loss: 762.749347] [Time: 49.337064]
root: INFO: [Dev set] [precision 58.752515] [recall 61.473684] [fscore 60.082305]
root: INFO: [test set] [precision 55.736041] [recall 59.803922] [fscore 57.698371]
root: INFO: 
root: INFO: [Epoch 35 / 800] [Loss: 686.905415] [Time: 51.103480]
root: INFO: [Dev set] [precision 57.396450] [recall 61.263158] [fscore 59.266802]
root: INFO: [test set] [precision 55.911824] [recall 60.784314] [fscore 58.246347]
root: INFO: 
root: INFO: [Epoch 36 / 800] [Loss: 662.116049] [Time: 49.418577]
root: INFO: [Dev set] [precision 59.414226] [recall 59.789474] [fscore 59.601259]
root: INFO: [test set] [precision 57.655755] [recall 59.477124] [fscore 58.552279]
root: INFO: 
root: INFO: Save the best model.
root: INFO: [Epoch 37 / 800] [Loss: 646.938534] [Time: 48.524735]
root: INFO: [Dev set] [precision 57.874016] [recall 61.894737] [fscore 59.816887]
root: INFO: [test set] [precision 54.437870] [recall 60.130719] [fscore 57.142857]
root: INFO: 
root: INFO: [Epoch 38 / 800] [Loss: 583.449179] [Time: 49.222537]
root: INFO: [Dev set] [precision 59.356137] [recall 62.105263] [fscore 60.699588]
root: INFO: [test set] [precision 55.376884] [recall 60.021786] [fscore 57.605855]
root: INFO: 
root: INFO: [Epoch 39 / 800] [Loss: 548.496818] [Time: 57.558024]
root: INFO: [Dev set] [precision 60.164271] [recall 61.684211] [fscore 60.914761]
root: INFO: [test set] [precision 57.453416] [recall 60.457516] [fscore 58.917197]
root: INFO: 
root: INFO: Save the best model.
root: INFO: [Epoch 40 / 800] [Loss: 532.093799] [Time: 50.596087]
root: INFO: [Dev set] [precision 58.775510] [recall 60.631579] [fscore 59.689119]
root: INFO: [test set] [precision 56.365503] [recall 59.803922] [fscore 58.033827]
root: INFO: 
root: INFO: [Epoch 41 / 800] [Loss: 508.319823] [Time: 62.678139]
root: INFO: [Dev set] [precision 59.229209] [recall 61.473684] [fscore 60.330579]
root: INFO: [test set] [precision 56.597938] [recall 59.803922] [fscore 58.156780]
root: INFO: 
root: INFO: [Epoch 42 / 800] [Loss: 456.012332] [Time: 59.500835]
root: INFO: [Dev set] [precision 58.600000] [recall 61.684211] [fscore 60.102564]
root: INFO: [test set] [precision 56.526208] [recall 59.912854] [fscore 58.170280]
root: INFO: 
root: INFO: [Epoch 43 / 800] [Loss: 425.526627] [Time: 59.732591]
root: INFO: [Dev set] [precision 59.200000] [recall 62.315789] [fscore 60.717949]
root: INFO: [test set] [precision 55.722892] [recall 60.457516] [fscore 57.993730]
root: INFO: 
root: INFO: [Epoch 44 / 800] [Loss: 419.634244] [Time: 60.644696]
root: INFO: [Dev set] [precision 58.640777] [recall 63.578947] [fscore 61.010101]
root: INFO: [test set] [precision 56.363636] [recall 60.784314] [fscore 58.490566]
root: INFO: 
root: INFO: [Epoch 45 / 800] [Loss: 378.735919] [Time: 62.334371]
root: INFO: [Dev set] [precision 59.470468] [recall 61.473684] [fscore 60.455487]
root: INFO: [test set] [precision 56.494845] [recall 59.694989] [fscore 58.050847]
root: INFO: 
root: INFO: [Epoch 46 / 800] [Loss: 370.475942] [Time: 59.894259]
root: INFO: [Dev set] [precision 57.699805] [recall 62.315789] [fscore 59.919028]
root: INFO: [test set] [precision 56.000000] [recall 61.002179] [fscore 58.394161]
root: INFO: 
root: INFO: [Epoch 47 / 800] [Loss: 392.811931] [Time: 60.392082]
root: INFO: [Dev set] [precision 58.367347] [recall 60.210526] [fscore 59.274611]
root: INFO: [test set] [precision 56.694561] [recall 59.041394] [fscore 57.844184]
root: INFO: 
root: INFO: [Epoch 48 / 800] [Loss: 364.614675] [Time: 60.011524]
root: INFO: [Dev set] [precision 58.752515] [recall 61.473684] [fscore 60.082305]
root: INFO: [test set] [precision 56.850716] [recall 60.566449] [fscore 58.649789]
root: INFO: 
root: INFO: [Epoch 49 / 800] [Loss: 350.468580] [Time: 60.472503]
root: INFO: [Dev set] [precision 58.811881] [recall 62.526316] [fscore 60.612245]
root: INFO: [test set] [precision 56.783920] [recall 61.546841] [fscore 59.069524]
root: INFO: 
root: INFO: Save the best model.
root: INFO: [Epoch 50 / 800] [Loss: 313.781947] [Time: 60.405228]
root: INFO: [Dev set] [precision 58.301158] [recall 63.578947] [fscore 60.825780]
root: INFO: [test set] [precision 57.286432] [recall 62.091503] [fscore 59.592263]
root: INFO: 
root: INFO: Save the best model.
root: INFO: [Epoch 51 / 800] [Loss: 315.602598] [Time: 60.048535]
root: INFO: [Dev set] [precision 60.040568] [recall 62.315789] [fscore 61.157025]
root: INFO: [test set] [precision 57.644628] [recall 60.784314] [fscore 59.172853]
root: INFO: 
root: INFO: [Epoch 52 / 800] [Loss: 304.580997] [Time: 60.384065]
root: INFO: [Dev set] [precision 58.349705] [recall 62.526316] [fscore 60.365854]
root: INFO: [test set] [precision 57.171923] [recall 61.220044] [fscore 59.126775]
root: INFO: 
root: INFO: [Epoch 53 / 800] [Loss: 265.458173] [Time: 59.830204]
root: INFO: [Dev set] [precision 59.437751] [recall 62.315789] [fscore 60.842754]
root: INFO: [test set] [precision 58.196721] [recall 61.873638] [fscore 59.978881]
root: INFO: 
root: INFO: Save the best model.
root: INFO: [Epoch 54 / 800] [Loss: 275.929379] [Time: 59.593930]
root: INFO: [Dev set] [precision 60.121457] [recall 62.526316] [fscore 61.300310]
root: INFO: [test set] [precision 57.711951] [recall 61.546841] [fscore 59.567739]
root: INFO: 
root: INFO: [Epoch 55 / 800] [Loss: 284.375200] [Time: 59.590590]
root: INFO: [Dev set] [precision 58.607350] [recall 63.789474] [fscore 61.088710]
root: INFO: [test set] [precision 55.903128] [recall 60.348584] [fscore 58.040859]
root: INFO: 
root: INFO: [Epoch 56 / 800] [Loss: 223.686313] [Time: 59.467631]
root: INFO: [Dev set] [precision 58.764940] [recall 62.105263] [fscore 60.388946]
root: INFO: [test set] [precision 56.940223] [recall 61.220044] [fscore 59.002625]
root: INFO: 
root: INFO: [Epoch 57 / 800] [Loss: 234.640208] [Time: 64.356045]
root: INFO: [Dev set] [precision 60.563380] [recall 63.368421] [fscore 61.934156]
root: INFO: [test set] [precision 58.817318] [recall 60.675381] [fscore 59.731903]
root: INFO: 
root: INFO: [Epoch 58 / 800] [Loss: 226.520048] [Time: 60.720892]
root: INFO: [Dev set] [precision 59.570312] [recall 64.210526] [fscore 61.803445]
root: INFO: [test set] [precision 56.211813] [recall 60.130719] [fscore 58.105263]
root: INFO: 
root: INFO: [Epoch 59 / 800] [Loss: 245.933332] [Time: 60.092438]
root: INFO: [Dev set] [precision 61.257606] [recall 63.578947] [fscore 62.396694]
root: INFO: [test set] [precision 57.872784] [recall 60.457516] [fscore 59.136921]
root: INFO: 
root: INFO: [Epoch 60 / 800] [Loss: 218.559980] [Time: 59.968711]
root: INFO: [Dev set] [precision 59.727626] [recall 64.631579] [fscore 62.082912]
root: INFO: [test set] [precision 57.535642] [recall 61.546841] [fscore 59.473684]
root: INFO: 
root: INFO: [Epoch 61 / 800] [Loss: 210.703601] [Time: 60.391894]
root: INFO: [Dev set] [precision 60.396040] [recall 64.210526] [fscore 62.244898]
root: INFO: [test set] [precision 56.841046] [recall 61.546841] [fscore 59.100418]
root: INFO: 
root: INFO: [Epoch 62 / 800] [Loss: 178.959052] [Time: 60.101881]
root: INFO: [Dev set] [precision 62.396694] [recall 63.578947] [fscore 62.982273]
root: INFO: [test set] [precision 58.500528] [recall 60.348584] [fscore 59.410188]
root: INFO: 
root: INFO: [Epoch 63 / 800] [Loss: 232.799321] [Time: 60.062662]
root: INFO: [Dev set] [precision 59.803922] [recall 64.210526] [fscore 61.928934]
root: INFO: [test set] [precision 57.830092] [recall 61.546841] [fscore 59.630607]
root: INFO: 
root: INFO: [Epoch 64 / 800] [Loss: 205.153937] [Time: 59.520877]
root: INFO: [Dev set] [precision 59.921415] [recall 64.210526] [fscore 61.991870]
root: INFO: [test set] [precision 57.975460] [recall 61.764706] [fscore 59.810127]
root: INFO: 
root: INFO: [Epoch 65 / 800] [Loss: 192.292620] [Time: 60.322851]
root: INFO: [Dev set] [precision 60.921844] [recall 64.000000] [fscore 62.422998]
root: INFO: [test set] [precision 57.422680] [recall 60.675381] [fscore 59.004237]
root: INFO: 
root: INFO: [Epoch 66 / 800] [Loss: 161.677763] [Time: 59.932491]
root: INFO: [Dev set] [precision 60.642570] [recall 63.578947] [fscore 62.076053]
root: INFO: [test set] [precision 58.074534] [recall 61.111111] [fscore 59.554140]
root: INFO: 
root: INFO: [Epoch 67 / 800] [Loss: 167.783358] [Time: 60.018549]
root: INFO: [Dev set] [precision 60.000000] [recall 62.526316] [fscore 61.237113]
root: INFO: [test set] [precision 58.455115] [recall 61.002179] [fscore 59.701493]
root: INFO: 
root: INFO: [Epoch 68 / 800] [Loss: 167.616194] [Time: 60.393738]
root: INFO: [Dev set] [precision 59.961315] [recall 65.263158] [fscore 62.500000]
root: INFO: [test set] [precision 58.239509] [recall 61.982571] [fscore 60.052770]
root: INFO: 
root: INFO: Save the best model.
root: INFO: [Epoch 69 / 800] [Loss: 164.302152] [Time: 61.736689]
root: INFO: [Dev set] [precision 60.772358] [recall 62.947368] [fscore 61.840745]
root: INFO: [test set] [precision 59.114858] [recall 61.111111] [fscore 60.096411]
root: INFO: 
root: INFO: Save the best model.
root: INFO: [Epoch 70 / 800] [Loss: 142.710503] [Time: 66.174837]
root: INFO: [Dev set] [precision 60.200000] [recall 63.368421] [fscore 61.743590]
root: INFO: [test set] [precision 58.620690] [recall 61.111111] [fscore 59.840000]
root: INFO: 
root: INFO: [Epoch 71 / 800] [Loss: 137.534250] [Time: 61.347350]
root: INFO: [Dev set] [precision 59.171598] [recall 63.157895] [fscore 61.099796]
root: INFO: [test set] [precision 57.873211] [recall 61.655773] [fscore 59.704641]
root: INFO: 
root: INFO: [Epoch 72 / 800] [Loss: 147.960768] [Time: 59.404922]
root: INFO: [Dev set] [precision 59.081836] [recall 62.315789] [fscore 60.655738]
root: INFO: [test set] [precision 59.430980] [recall 61.437908] [fscore 60.417783]
root: INFO: 
root: INFO: Save the best model.
root: INFO: [Epoch 73 / 800] [Loss: 141.647979] [Time: 60.388672]
root: INFO: [Dev set] [precision 59.770115] [recall 65.684211] [fscore 62.587763]
root: INFO: [test set] [precision 57.256461] [recall 62.745098] [fscore 59.875260]
root: INFO: 
root: INFO: [Epoch 74 / 800] [Loss: 135.687875] [Time: 60.059449]
root: INFO: [Dev set] [precision 61.257606] [recall 63.578947] [fscore 62.396694]
root: INFO: [test set] [precision 59.001041] [recall 61.764706] [fscore 60.351251]
root: INFO: 
root: INFO: [Epoch 75 / 800] [Loss: 135.305451] [Time: 60.294808]
root: INFO: [Dev set] [precision 60.079051] [recall 64.000000] [fscore 61.977574]
root: INFO: [test set] [precision 58.103976] [recall 62.091503] [fscore 60.031596]
root: INFO: 
root: INFO: [Epoch 76 / 800] [Loss: 142.045820] [Time: 61.130907]
root: INFO: [Dev set] [precision 59.475806] [recall 62.105263] [fscore 60.762101]
root: INFO: [test set] [precision 60.191083] [recall 61.764706] [fscore 60.967742]
root: INFO: 
root: INFO: Save the best model.
root: INFO: [Epoch 77 / 800] [Loss: 140.224602] [Time: 59.901860]
root: INFO: [Dev set] [precision 58.764940] [recall 62.105263] [fscore 60.388946]
root: INFO: [test set] [precision 59.339525] [recall 62.636166] [fscore 60.943296]
root: INFO: 
root: INFO: [Epoch 78 / 800] [Loss: 143.292903] [Time: 60.376302]
root: INFO: [Dev set] [precision 60.040161] [recall 62.947368] [fscore 61.459404]
root: INFO: [test set] [precision 57.594292] [recall 61.546841] [fscore 59.505003]
root: INFO: 
root: INFO: [Epoch 79 / 800] [Loss: 128.397355] [Time: 60.502114]
root: INFO: [Dev set] [precision 60.396040] [recall 64.210526] [fscore 62.244898]
root: INFO: [test set] [precision 58.442872] [recall 62.962963] [fscore 60.618773]
root: INFO: 
root: INFO: [Epoch 80 / 800] [Loss: 125.007277] [Time: 59.475106]
root: INFO: [Dev set] [precision 60.156250] [recall 64.842105] [fscore 62.411348]
root: INFO: [test set] [precision 58.596134] [recall 62.745098] [fscore 60.599684]
root: INFO: 
root: INFO: [Epoch 81 / 800] [Loss: 96.909103] [Time: 59.649031]
root: INFO: [Dev set] [precision 60.474308] [recall 64.421053] [fscore 62.385321]
root: INFO: [test set] [precision 57.857143] [recall 61.764706] [fscore 59.747102]
root: INFO: 
root: INFO: [Epoch 82 / 800] [Loss: 114.446931] [Time: 60.305377]
root: INFO: [Dev set] [precision 61.309524] [recall 65.052632] [fscore 63.125638]
root: INFO: [test set] [precision 59.293873] [recall 62.200436] [fscore 60.712387]
root: INFO: 
root: INFO: [Epoch 83 / 800] [Loss: 113.702048] [Time: 60.405014]
root: INFO: [Dev set] [precision 61.800000] [recall 65.052632] [fscore 63.384615]
root: INFO: [test set] [precision 59.978992] [recall 62.200436] [fscore 61.069519]
root: INFO: 
root: INFO: Save the best model.
root: INFO: [Epoch 84 / 800] [Loss: 125.981893] [Time: 59.710678]
root: INFO: [Dev set] [precision 60.784314] [recall 65.263158] [fscore 62.944162]
root: INFO: [test set] [precision 58.738366] [recall 61.873638] [fscore 60.265252]
root: INFO: 
root: INFO: [Epoch 85 / 800] [Loss: 122.712685] [Time: 59.856720]
root: INFO: [Dev set] [precision 61.477046] [recall 64.842105] [fscore 63.114754]
root: INFO: [test set] [precision 60.251046] [recall 62.745098] [fscore 61.472785]
root: INFO: 
root: INFO: Save the best model.
root: INFO: [Epoch 86 / 800] [Loss: 120.197379] [Time: 59.807087]
root: INFO: [Dev set] [precision 61.145194] [recall 62.947368] [fscore 62.033195]
root: INFO: [test set] [precision 60.278373] [recall 61.328976] [fscore 60.799136]
root: INFO: 
root: INFO: [Epoch 87 / 800] [Loss: 86.286169] [Time: 59.880797]
root: INFO: [Dev set] [precision 59.423077] [recall 65.052632] [fscore 62.110553]
root: INFO: [test set] [precision 57.411067] [recall 63.289760] [fscore 60.207254]
root: INFO: 
root: INFO: [Epoch 88 / 800] [Loss: 115.908643] [Time: 59.904752]
root: INFO: [Dev set] [precision 61.309524] [recall 65.052632] [fscore 63.125638]
root: INFO: [test set] [precision 58.908342] [recall 62.309368] [fscore 60.561143]
root: INFO: 
root: INFO: [Epoch 89 / 800] [Loss: 113.799533] [Time: 61.418380]
root: INFO: [Dev set] [precision 60.392157] [recall 64.842105] [fscore 62.538071]
root: INFO: [test set] [precision 59.270833] [recall 61.982571] [fscore 60.596379]
root: INFO: 
root: INFO: [Epoch 90 / 800] [Loss: 87.465856] [Time: 60.511124]
root: INFO: [Dev set] [precision 59.381044] [recall 64.631579] [fscore 61.895161]
root: INFO: [test set] [precision 58.606557] [recall 62.309368] [fscore 60.401267]
root: INFO: 
root: INFO: [Epoch 91 / 800] [Loss: 102.963870] [Time: 60.053381]
root: INFO: [Dev set] [precision 60.515873] [recall 64.210526] [fscore 62.308478]
root: INFO: [test set] [precision 58.316008] [recall 61.111111] [fscore 59.680851]
root: INFO: 
root: INFO: [Epoch 92 / 800] [Loss: 100.847426] [Time: 60.684656]
root: INFO: [Dev set] [precision 59.765625] [recall 64.421053] [fscore 62.006079]
root: INFO: [test set] [precision 58.780992] [recall 61.982571] [fscore 60.339343]
root: INFO: 
root: INFO: [Epoch 93 / 800] [Loss: 95.401360] [Time: 59.915509]
root: INFO: [Dev set] [precision 59.689922] [recall 64.842105] [fscore 62.159435]
root: INFO: [test set] [precision 57.403651] [recall 61.655773] [fscore 59.453782]
root: INFO: 
root: INFO: [Epoch 94 / 800] [Loss: 115.783537] [Time: 59.862063]
root: INFO: [Dev set] [precision 61.190965] [recall 62.736842] [fscore 61.954262]
root: INFO: [test set] [precision 58.628081] [recall 59.586057] [fscore 59.103187]
root: INFO: 
root: INFO: [Epoch 95 / 800] [Loss: 82.388801] [Time: 60.593822]
root: INFO: [Dev set] [precision 61.044177] [recall 64.000000] [fscore 62.487153]
root: INFO: [test set] [precision 58.569926] [recall 60.675381] [fscore 59.604066]
root: INFO: 
root: INFO: [Epoch 96 / 800] [Loss: 79.934682] [Time: 59.948850]
root: INFO: [Dev set] [precision 59.842520] [recall 64.000000] [fscore 61.851475]
root: INFO: [test set] [precision 57.775489] [recall 61.111111] [fscore 59.396506]
root: INFO: 
root: INFO: [Epoch 97 / 800] [Loss: 102.732406] [Time: 59.839942]
root: INFO: [Dev set] [precision 60.756972] [recall 64.210526] [fscore 62.436029]
root: INFO: [test set] [precision 58.368201] [recall 60.784314] [fscore 59.551761]
root: INFO: 
root: INFO: [Epoch 98 / 800] [Loss: 77.813331] [Time: 60.618984]
root: INFO: [Dev set] [precision 61.800000] [recall 65.052632] [fscore 63.384615]
root: INFO: [test set] [precision 58.982347] [recall 61.873638] [fscore 60.393408]
root: INFO: 
root: INFO: [Epoch 99 / 800] [Loss: 69.258717] [Time: 60.298880]
root: INFO: [Dev set] [precision 59.803922] [recall 64.210526] [fscore 61.928934]
root: INFO: [test set] [precision 58.529111] [recall 62.418301] [fscore 60.411176]
root: INFO: 
root: INFO: [Epoch 100 / 800] [Loss: 74.077823] [Time: 59.524713]
root: INFO: [Dev set] [precision 59.920635] [recall 63.578947] [fscore 61.695608]
root: INFO: [test set] [precision 57.949791] [recall 60.348584] [fscore 59.124867]
root: INFO: 
root: INFO: [Epoch 101 / 800] [Loss: 73.514557] [Time: 60.526158]
root: INFO: [Dev set] [precision 61.354582] [recall 64.842105] [fscore 63.050154]
root: INFO: [test set] [precision 59.456635] [recall 61.982571] [fscore 60.693333]
root: INFO: 
root: INFO: [Epoch 102 / 800] [Loss: 73.680068] [Time: 60.035725]
root: INFO: [Dev set] [precision 60.116732] [recall 65.052632] [fscore 62.487361]
root: INFO: [test set] [precision 59.160696] [recall 62.962963] [fscore 61.002639]
root: INFO: 
root: INFO: [Epoch 103 / 800] [Loss: 71.538466] [Time: 59.631443]
root: INFO: [Dev set] [precision 60.878244] [recall 64.210526] [fscore 62.500000]
root: INFO: [test set] [precision 59.394572] [recall 61.982571] [fscore 60.660981]
root: INFO: 
root: INFO: [Epoch 104 / 800] [Loss: 71.877477] [Time: 60.038374]
root: INFO: [Dev set] [precision 60.826772] [recall 65.052632] [fscore 62.868769]
root: INFO: [test set] [precision 59.124867] [recall 60.348584] [fscore 59.730458]
root: INFO: 
root: INFO: [Epoch 105 / 800] [Loss: 67.179802] [Time: 59.516157]
root: INFO: [Dev set] [precision 60.594059] [recall 64.421053] [fscore 62.448980]
root: INFO: [test set] [precision 58.526316] [recall 60.566449] [fscore 59.528908]
root: INFO: 
root: INFO: [Epoch 106 / 800] [Loss: 63.251949] [Time: 59.930482]
root: INFO: [Dev set] [precision 60.937500] [recall 65.684211] [fscore 63.221884]
root: INFO: [test set] [precision 58.682008] [recall 61.111111] [fscore 59.871932]
root: INFO: 
root: INFO: [Epoch 107 / 800] [Loss: 75.572661] [Time: 60.275380]
root: INFO: [Dev set] [precision 60.784314] [recall 65.263158] [fscore 62.944162]
root: INFO: [test set] [precision 59.067358] [recall 62.091503] [fscore 60.541689]
root: INFO: 
root: INFO: [Epoch 108 / 800] [Loss: 93.119266] [Time: 60.031058]
root: INFO: [Dev set] [precision 59.528487] [recall 63.789474] [fscore 61.585366]
root: INFO: [test set] [precision 58.659794] [recall 61.982571] [fscore 60.275424]
root: INFO: 
root: INFO: [Epoch 109 / 800] [Loss: 76.562411] [Time: 59.563396]
root: INFO: [Dev set] [precision 58.857143] [recall 65.052632] [fscore 61.800000]
root: INFO: [test set] [precision 58.006042] [recall 62.745098] [fscore 60.282575]
root: INFO: 
root: INFO: [Epoch 110 / 800] [Loss: 77.960351] [Time: 60.177619]
root: INFO: [Dev set] [precision 61.710794] [recall 63.789474] [fscore 62.732919]
root: INFO: [test set] [precision 59.766454] [recall 61.328976] [fscore 60.537634]
root: INFO: 
root: INFO: [Epoch 111 / 800] [Loss: 64.569804] [Time: 60.201615]
root: INFO: [Dev set] [precision 59.259259] [recall 64.000000] [fscore 61.538462]
root: INFO: [test set] [precision 58.546571] [recall 62.309368] [fscore 60.369393]
root: INFO: 
root: INFO: [Epoch 112 / 800] [Loss: 65.807203] [Time: 60.060332]
root: INFO: [Dev set] [precision 58.800774] [recall 64.000000] [fscore 61.290323]
root: INFO: [test set] [precision 58.895706] [recall 62.745098] [fscore 60.759494]
root: INFO: 
root: INFO: [Epoch 113 / 800] [Loss: 55.698635] [Time: 59.596111]
root: INFO: [Dev set] [precision 60.236220] [recall 64.421053] [fscore 62.258393]
root: INFO: [test set] [precision 59.325606] [recall 61.328976] [fscore 60.310659]
root: INFO: 
root: INFO: [Epoch 114 / 800] [Loss: 53.948594] [Time: 59.935539]
root: INFO: [Dev set] [precision 59.411765] [recall 63.789474] [fscore 61.522843]
root: INFO: [test set] [precision 59.623431] [recall 62.091503] [fscore 60.832444]
root: INFO: 
root: INFO: [Epoch 115 / 800] [Loss: 75.302161] [Time: 60.455052]
root: INFO: [Dev set] [precision 61.013645] [recall 65.894737] [fscore 63.360324]
root: INFO: [test set] [precision 59.251559] [recall 62.091503] [fscore 60.638298]
root: INFO: 
root: INFO: [Epoch 116 / 800] [Loss: 61.671225] [Time: 63.776996]
root: INFO: [Dev set] [precision 59.770115] [recall 65.684211] [fscore 62.587763]
root: INFO: [test set] [precision 59.521332] [recall 62.309368] [fscore 60.883449]
root: INFO: 
root: INFO: [Epoch 117 / 800] [Loss: 46.211217] [Time: 59.531019]
root: INFO: [Dev set] [precision 60.510806] [recall 64.842105] [fscore 62.601626]
root: INFO: [test set] [precision 60.445387] [recall 62.091503] [fscore 61.257389]
root: INFO: 
root: INFO: [Epoch 118 / 800] [Loss: 57.361820] [Time: 61.802128]
root: INFO: [Dev set] [precision 59.960938] [recall 64.631579] [fscore 62.208713]
root: INFO: [test set] [precision 59.243697] [recall 61.437908] [fscore 60.320856]
root: INFO: 
root: INFO: [Epoch 119 / 800] [Loss: 62.275860] [Time: 59.664725]
root: INFO: [Dev set] [precision 59.309021] [recall 65.052632] [fscore 62.048193]
root: INFO: [test set] [precision 58.282209] [recall 62.091503] [fscore 60.126582]
root: INFO: 
root: INFO: [Epoch 120 / 800] [Loss: 60.095532] [Time: 56.287723]
root: INFO: [Dev set] [precision 59.038462] [recall 64.631579] [fscore 61.708543]
root: INFO: [test set] [precision 58.513932] [recall 61.764706] [fscore 60.095390]
root: INFO: 
root: INFO: [Epoch 121 / 800] [Loss: 71.881741] [Time: 48.749646]
root: INFO: [Dev set] [precision 58.823529] [recall 63.157895] [fscore 60.913706]
root: INFO: [test set] [precision 59.894737] [recall 61.982571] [fscore 60.920771]
root: INFO: 
root: INFO: [Epoch 122 / 800] [Loss: 60.445264] [Time: 52.461707]
root: INFO: [Dev set] [precision 60.236220] [recall 64.421053] [fscore 62.258393]
root: INFO: [test set] [precision 59.320288] [recall 62.745098] [fscore 60.984648]
root: INFO: 
root: INFO: [Epoch 123 / 800] [Loss: 51.521856] [Time: 53.470952]
root: INFO: [Dev set] [precision 59.683794] [recall 63.578947] [fscore 61.569827]
root: INFO: [test set] [precision 59.119497] [recall 61.437908] [fscore 60.256410]
root: INFO: 
root: INFO: [Epoch 124 / 800] [Loss: 53.754924] [Time: 51.060066]
root: INFO: [Dev set] [precision 58.858268] [recall 62.947368] [fscore 60.834181]
root: INFO: [test set] [precision 57.656732] [recall 61.111111] [fscore 59.333686]
root: INFO: 
root: INFO: [Epoch 125 / 800] [Loss: 57.967166] [Time: 50.718320]
root: INFO: [Dev set] [precision 60.238569] [recall 63.789474] [fscore 61.963190]
root: INFO: [test set] [precision 58.731809] [recall 61.546841] [fscore 60.106383]
root: INFO: 
root: INFO: [Epoch 126 / 800] [Loss: 77.807577] [Time: 50.757746]
root: INFO: [Dev set] [precision 62.048193] [recall 65.052632] [fscore 63.514902]
root: INFO: [test set] [precision 59.062500] [recall 61.764706] [fscore 60.383387]
root: INFO: 
root: INFO: [Epoch 127 / 800] [Loss: 69.405555] [Time: 50.891799]
root: INFO: [Dev set] [precision 60.588235] [recall 65.052632] [fscore 62.741117]
root: INFO: [test set] [precision 59.301131] [recall 62.854031] [fscore 61.025912]
root: INFO: 
root: INFO: [Epoch 128 / 800] [Loss: 49.883060] [Time: 51.234613]
root: INFO: [Dev set] [precision 61.811024] [recall 66.105263] [fscore 63.886063]
root: INFO: [test set] [precision 58.793456] [recall 62.636166] [fscore 60.654008]
root: INFO: 
root: INFO: [Epoch 129 / 800] [Loss: 46.336452] [Time: 51.505779]
root: INFO: [Dev set] [precision 61.758691] [recall 63.578947] [fscore 62.655602]
root: INFO: [test set] [precision 59.680851] [recall 61.111111] [fscore 60.387513]
root: INFO: 
root: INFO: [Epoch 130 / 800] [Loss: 64.680786] [Time: 53.376843]
root: INFO: [Dev set] [precision 59.683794] [recall 63.578947] [fscore 61.569827]
root: INFO: [test set] [precision 59.128631] [recall 62.091503] [fscore 60.573858]
root: INFO: 
root: INFO: [Epoch 131 / 800] [Loss: 61.478677] [Time: 60.268978]
root: INFO: [Dev set] [precision 59.486166] [recall 63.368421] [fscore 61.365953]
root: INFO: [test set] [precision 59.958506] [recall 62.962963] [fscore 61.424017]
root: INFO: 
root: INFO: [Epoch 132 / 800] [Loss: 53.382145] [Time: 60.380765]
root: INFO: [Dev set] [precision 61.693548] [recall 64.421053] [fscore 63.027806]
root: INFO: [test set] [precision 60.506864] [recall 62.418301] [fscore 61.447721]
root: INFO: 
root: INFO: [Epoch 133 / 800] [Loss: 59.419777] [Time: 50.404557]
root: INFO: [Dev set] [precision 59.881423] [recall 63.789474] [fscore 61.773700]
root: INFO: [test set] [precision 60.146444] [recall 62.636166] [fscore 61.366062]
root: INFO: 
root: INFO: [Epoch 134 / 800] [Loss: 49.057986] [Time: 48.774622]
root: INFO: [Dev set] [precision 62.020202] [recall 64.631579] [fscore 63.298969]
root: INFO: [test set] [precision 60.864979] [recall 62.854031] [fscore 61.843516]
root: INFO: 
root: INFO: Save the best model.
root: INFO: [Epoch 135 / 800] [Loss: 52.766606] [Time: 48.525886]
root: INFO: [Dev set] [precision 60.546875] [recall 65.263158] [fscore 62.816616]
root: INFO: [test set] [precision 59.423275] [recall 62.854031] [fscore 61.090524]
root: INFO: 
root: INFO: [Epoch 136 / 800] [Loss: 46.164708] [Time: 54.519478]
root: INFO: [Dev set] [precision 60.582524] [recall 65.684211] [fscore 63.030303]
root: INFO: [test set] [precision 58.596134] [recall 62.745098] [fscore 60.599684]
root: INFO: 
root: INFO: [Epoch 137 / 800] [Loss: 50.665727] [Time: 52.836998]
root: INFO: [Dev set] [precision 61.632653] [recall 63.578947] [fscore 62.590674]
root: INFO: [test set] [precision 59.282700] [recall 61.220044] [fscore 60.235798]
root: INFO: 
root: INFO: [Epoch 138 / 800] [Loss: 48.865419] [Time: 56.445898]
root: INFO: [Dev set] [precision 60.392157] [recall 64.842105] [fscore 62.538071]
root: INFO: [test set] [precision 59.175258] [recall 62.527233] [fscore 60.805085]
root: INFO: 
root: INFO: [Epoch 139 / 800] [Loss: 48.413445] [Time: 53.244505]
root: INFO: [Dev set] [precision 61.010101] [recall 63.578947] [fscore 62.268041]
root: INFO: [test set] [precision 59.414226] [recall 61.873638] [fscore 60.618997]
root: INFO: 
root: INFO: [Epoch 140 / 800] [Loss: 58.916886] [Time: 50.409215]
root: INFO: [Dev set] [precision 61.554192] [recall 63.368421] [fscore 62.448133]
root: INFO: [test set] [precision 59.157895] [recall 61.220044] [fscore 60.171306]
root: INFO: 
root: INFO: [Epoch 141 / 800] [Loss: 52.522307] [Time: 58.667521]
root: INFO: [Dev set] [precision 61.076605] [recall 62.105263] [fscore 61.586639]
root: INFO: [test set] [precision 59.663866] [recall 61.873638] [fscore 60.748663]
root: INFO: 
root: INFO: [Epoch 142 / 800] [Loss: 43.314443] [Time: 52.938641]
root: INFO: [Dev set] [precision 60.531697] [recall 62.315789] [fscore 61.410788]
root: INFO: [test set] [precision 58.805031] [recall 61.111111] [fscore 59.935897]
root: INFO: 
root: INFO: [Epoch 143 / 800] [Loss: 45.032337] [Time: 65.939683]
root: INFO: [Dev set] [precision 59.603960] [recall 63.368421] [fscore 61.428571]
root: INFO: [test set] [precision 59.086189] [recall 61.982571] [fscore 60.499734]
root: INFO: 
root: INFO: [Epoch 144 / 800] [Loss: 44.945924] [Time: 68.522106]
root: INFO: [Dev set] [precision 60.396040] [recall 64.210526] [fscore 62.244898]
root: INFO: [test set] [precision 58.939709] [recall 61.764706] [fscore 60.319149]
root: INFO: 
root: INFO: [Epoch 145 / 800] [Loss: 41.521956] [Time: 61.739736]
root: INFO: [Dev set] [precision 61.145194] [recall 62.947368] [fscore 62.033195]
root: INFO: [test set] [precision 59.172853] [recall 60.784314] [fscore 59.967759]
root: INFO: 
root: INFO: [Epoch 146 / 800] [Loss: 36.261026] [Time: 60.562986]
root: INFO: [Dev set] [precision 60.869565] [recall 64.842105] [fscore 62.793068]
root: INFO: [test set] [precision 59.352142] [recall 61.873638] [fscore 60.586667]
root: INFO: 
root: INFO: [Epoch 147 / 800] [Loss: 39.582783] [Time: 48.789810]
root: INFO: [Dev set] [precision 60.594059] [recall 64.421053] [fscore 62.448980]
root: INFO: [test set] [precision 59.706191] [recall 61.982571] [fscore 60.823089]
root: INFO: 
root: INFO: [Epoch 148 / 800] [Loss: 56.547441] [Time: 48.831829]
root: INFO: [Dev set] [precision 59.309021] [recall 65.052632] [fscore 62.048193]
root: INFO: [test set] [precision 59.342916] [recall 62.962963] [fscore 61.099366]
root: INFO: 
root: INFO: [Epoch 149 / 800] [Loss: 42.903906] [Time: 49.116607]
root: INFO: [Dev set] [precision 59.683794] [recall 63.578947] [fscore 61.569827]
root: INFO: [test set] [precision 59.811123] [recall 62.091503] [fscore 60.929984]
root: INFO: 
root: INFO: [Epoch 150 / 800] [Loss: 44.502963] [Time: 50.020878]
root: INFO: [Dev set] [precision 59.381044] [recall 64.631579] [fscore 61.895161]
root: INFO: [test set] [precision 59.143156] [recall 61.655773] [fscore 60.373333]
root: INFO: 
root: INFO: [Epoch 151 / 800] [Loss: 38.920811] [Time: 49.628976]
root: INFO: [Dev set] [precision 60.594059] [recall 64.421053] [fscore 62.448980]
root: INFO: [test set] [precision 59.791667] [recall 62.527233] [fscore 61.128860]
root: INFO: 
root: INFO: [Epoch 152 / 800] [Loss: 43.321655] [Time: 51.373034]
root: INFO: [Dev set] [precision 58.891013] [recall 64.842105] [fscore 61.723447]
root: INFO: [test set] [precision 59.003052] [recall 63.180828] [fscore 61.020516]
root: INFO: 
root: INFO: [Epoch 153 / 800] [Loss: 42.060986] [Time: 49.703494]
root: INFO: [Dev set] [precision 59.801980] [recall 63.578947] [fscore 61.632653]
root: INFO: [test set] [precision 59.829968] [recall 61.328976] [fscore 60.570199]
root: INFO: 
root: INFO: [Epoch 154 / 800] [Loss: 34.464970] [Time: 48.525112]
root: INFO: [Dev set] [precision 60.678643] [recall 64.000000] [fscore 62.295082]
root: INFO: [test set] [precision 60.000000] [recall 60.784314] [fscore 60.389610]
root: INFO: 
root: INFO: [Epoch 155 / 800] [Loss: 40.904637] [Time: 48.155495]
root: INFO: [Dev set] [precision 60.505837] [recall 65.473684] [fscore 62.891810]
root: INFO: [test set] [precision 59.274611] [recall 62.309368] [fscore 60.754116]
root: INFO: 
root: INFO: [Epoch 156 / 800] [Loss: 38.467652] [Time: 48.188036]
root: INFO: [Dev set] [precision 59.302326] [recall 64.421053] [fscore 61.755802]
root: INFO: [test set] [precision 58.496395] [recall 61.873638] [fscore 60.137639]
root: INFO: 
root: INFO: [Epoch 157 / 800] [Loss: 39.666678] [Time: 48.086029]
root: INFO: [Dev set] [precision 60.078278] [recall 64.631579] [fscore 62.271805]
root: INFO: [test set] [precision 59.439834] [recall 62.418301] [fscore 60.892667]
root: INFO: 
root: INFO: [Epoch 158 / 800] [Loss: 45.141719] [Time: 48.170271]
root: INFO: [Dev set] [precision 59.541985] [recall 65.684211] [fscore 62.462462]
root: INFO: [test set] [precision 58.945191] [recall 62.091503] [fscore 60.477454]
root: INFO: 
root: INFO: [Epoch 159 / 800] [Loss: 48.776109] [Time: 48.109111]
root: INFO: [Dev set] [precision 59.727626] [recall 64.631579] [fscore 62.082912]
root: INFO: [test set] [precision 59.105099] [recall 61.873638] [fscore 60.457690]
root: INFO: 
root: INFO: [Epoch 160 / 800] [Loss: 42.463887] [Time: 48.858472]
root: INFO: [Dev set] [precision 59.302326] [recall 64.421053] [fscore 61.755802]
root: INFO: [test set] [precision 58.799172] [recall 61.873638] [fscore 60.297240]
root: INFO: 
root: INFO: [Epoch 161 / 800] [Loss: 32.956278] [Time: 48.567428]
root: INFO: [Dev set] [precision 59.763314] [recall 63.789474] [fscore 61.710794]
root: INFO: [test set] [precision 59.316770] [recall 62.418301] [fscore 60.828025]
root: INFO: 
root: INFO: [Epoch 162 / 800] [Loss: 44.030663] [Time: 48.405222]
root: INFO: [Dev set] [precision 59.680639] [recall 62.947368] [fscore 61.270492]
root: INFO: [test set] [precision 59.341826] [recall 60.893246] [fscore 60.107527]
root: INFO: 
root: INFO: [Epoch 163 / 800] [Loss: 47.687280] [Time: 54.031108]
root: INFO: [Dev set] [precision 59.763314] [recall 63.789474] [fscore 61.710794]
root: INFO: [test set] [precision 59.052632] [recall 61.111111] [fscore 60.064240]
root: INFO: 
root: INFO: [Epoch 164 / 800] [Loss: 41.307095] [Time: 56.082729]
root: INFO: [Dev set] [precision 61.491935] [recall 64.210526] [fscore 62.821833]
root: INFO: [test set] [precision 59.536354] [recall 61.546841] [fscore 60.524906]
root: INFO: 
root: INFO: [Epoch 165 / 800] [Loss: 33.324342] [Time: 52.316869]
root: INFO: [Dev set] [precision 59.481038] [recall 62.736842] [fscore 61.065574]
root: INFO: [test set] [precision 60.000000] [recall 62.091503] [fscore 61.027837]
root: INFO: 
root: INFO: [Epoch 166 / 800] [Loss: 32.577713] [Time: 57.606955]
root: INFO: [Dev set] [precision 60.314342] [recall 64.631579] [fscore 62.398374]
root: INFO: [test set] [precision 59.813084] [recall 62.745098] [fscore 61.244019]
root: INFO: 
root: INFO: [Epoch 167 / 800] [Loss: 36.810087] [Time: 51.476650]
root: INFO: [Dev set] [precision 60.510806] [recall 64.842105] [fscore 62.601626]
root: INFO: [test set] [precision 60.272537] [recall 62.636166] [fscore 61.431624]
root: INFO: 
root: INFO: [Epoch 168 / 800] [Loss: 35.258680] [Time: 48.164445]
root: INFO: [Dev set] [precision 61.354582] [recall 64.842105] [fscore 63.050154]
root: INFO: [test set] [precision 60.146444] [recall 62.636166] [fscore 61.366062]
root: INFO: 
root: INFO: [Epoch 169 / 800] [Loss: 30.621754] [Time: 48.735819]
root: INFO: [Dev set] [precision 61.000000] [recall 64.210526] [fscore 62.564103]
root: INFO: [test set] [precision 60.379347] [recall 62.418301] [fscore 61.381896]
root: INFO: 
root: INFO: [Epoch 170 / 800] [Loss: 30.528509] [Time: 50.151783]
root: INFO: [Dev set] [precision 58.984375] [recall 63.578947] [fscore 61.195542]
root: INFO: [test set] [precision 60.440714] [recall 62.745098] [fscore 61.571352]
root: INFO: 
root: INFO: [Epoch 171 / 800] [Loss: 40.101011] [Time: 50.277510]
root: INFO: [Dev set] [precision 59.251969] [recall 63.368421] [fscore 61.241099]
root: INFO: [test set] [precision 60.993658] [recall 62.854031] [fscore 61.909871]
root: INFO: 
root: INFO: Save the best model.
root: INFO: [Epoch 172 / 800] [Loss: 34.716495] [Time: 48.596174]
root: INFO: [Dev set] [precision 60.588235] [recall 65.052632] [fscore 62.741117]
root: INFO: [test set] [precision 59.835221] [recall 63.289760] [fscore 61.514029]
root: INFO: 
root: INFO: [Epoch 173 / 800] [Loss: 35.396767] [Time: 53.470644]
root: INFO: [Dev set] [precision 61.431412] [recall 65.052632] [fscore 63.190184]
root: INFO: [test set] [precision 59.138655] [recall 61.328976] [fscore 60.213904]
root: INFO: 
root: INFO: [Epoch 174 / 800] [Loss: 39.011274] [Time: 56.751287]
root: INFO: [Dev set] [precision 62.781186] [recall 64.631579] [fscore 63.692946]
root: INFO: [test set] [precision 59.703075] [recall 61.328976] [fscore 60.505105]
root: INFO: 
root: INFO: [Epoch 175 / 800] [Loss: 28.010968] [Time: 62.874990]
root: INFO: [Dev set] [precision 60.236220] [recall 64.421053] [fscore 62.258393]
root: INFO: [test set] [precision 58.774663] [recall 61.655773] [fscore 60.180755]
root: INFO: 
root: INFO: [Epoch 176 / 800] [Loss: 49.580516] [Time: 60.696031]
root: INFO: [Dev set] [precision 60.392157] [recall 64.842105] [fscore 62.538071]
root: INFO: [test set] [precision 58.847737] [recall 62.309368] [fscore 60.529101]
root: INFO: 
root: INFO: [Epoch 177 / 800] [Loss: 38.211979] [Time: 72.536353]
root: INFO: [Dev set] [precision 60.510806] [recall 64.842105] [fscore 62.601626]
root: INFO: [test set] [precision 57.883817] [recall 60.784314] [fscore 59.298618]
root: INFO: 
root: INFO: [Epoch 178 / 800] [Loss: 36.321149] [Time: 66.176270]
root: INFO: [Dev set] [precision 59.368836] [recall 63.368421] [fscore 61.303462]
root: INFO: [test set] [precision 57.818930] [recall 61.220044] [fscore 59.470899]
root: INFO: 
root: INFO: [Epoch 179 / 800] [Loss: 31.596613] [Time: 55.464743]
root: INFO: [Dev set] [precision 60.000000] [recall 64.421053] [fscore 62.131980]
root: INFO: [test set] [precision 58.624230] [recall 62.200436] [fscore 60.359408]
root: INFO: 
root: INFO: [Epoch 180 / 800] [Loss: 25.999823] [Time: 52.198029]
root: INFO: [Dev set] [precision 59.680639] [recall 62.947368] [fscore 61.270492]
root: INFO: [test set] [precision 60.041841] [recall 62.527233] [fscore 61.259338]
root: INFO: 
root: INFO: [Epoch 181 / 800] [Loss: 26.513427] [Time: 51.709418]
root: INFO: [Dev set] [precision 61.336032] [recall 63.789474] [fscore 62.538700]
root: INFO: [test set] [precision 59.682540] [recall 61.437908] [fscore 60.547504]
root: INFO: 
root: INFO: [Epoch 182 / 800] [Loss: 48.844451] [Time: 55.071388]
root: INFO: [Dev set] [precision 62.394958] [recall 62.526316] [fscore 62.460568]
root: INFO: [test set] [precision 60.434783] [recall 60.566449] [fscore 60.500544]
root: INFO: 
root: INFO: [Epoch 183 / 800] [Loss: 67.701720] [Time: 62.595555]
root: INFO: [Dev set] [precision 60.000000] [recall 63.789474] [fscore 61.836735]
root: INFO: [test set] [precision 58.969072] [recall 62.309368] [fscore 60.593220]
root: INFO: 
root: INFO: [Epoch 184 / 800] [Loss: 39.427400] [Time: 66.271609]
root: INFO: [Dev set] [precision 60.843373] [recall 63.789474] [fscore 62.281603]
root: INFO: [test set] [precision 59.706191] [recall 61.982571] [fscore 60.823089]
root: INFO: 
root: INFO: [Epoch 185 / 800] [Loss: 28.068374] [Time: 74.231738]
root: INFO: [Dev set] [precision 59.570312] [recall 64.210526] [fscore 61.803445]
root: INFO: [test set] [precision 58.713693] [recall 61.655773] [fscore 60.148778]
root: INFO: 
root: INFO: [Epoch 186 / 800] [Loss: 28.745067] [Time: 75.238792]
root: INFO: [Dev set] [precision 59.689922] [recall 64.842105] [fscore 62.159435]
root: INFO: [test set] [precision 59.118852] [recall 62.854031] [fscore 60.929250]
root: INFO: 
root: INFO: [Epoch 187 / 800] [Loss: 46.093204] [Time: 68.902778]
root: INFO: [Dev set] [precision 59.064327] [recall 63.789474] [fscore 61.336032]
root: INFO: [test set] [precision 59.232365] [recall 62.200436] [fscore 60.680128]
root: INFO: 
root: INFO: [Epoch 188 / 800] [Loss: 24.973670] [Time: 69.140432]
root: INFO: [Dev set] [precision 59.922179] [recall 64.842105] [fscore 62.285137]
root: INFO: [test set] [precision 57.841141] [recall 61.873638] [fscore 59.789474]
root: INFO: 
root: INFO: [Epoch 189 / 800] [Loss: 29.635941] [Time: 73.909323]
root: INFO: [Dev set] [precision 60.896130] [recall 62.947368] [fscore 61.904762]
root: INFO: [test set] [precision 59.365079] [recall 61.111111] [fscore 60.225443]
root: INFO: 
root: INFO: [Epoch 190 / 800] [Loss: 37.909771] [Time: 52.906384]
root: INFO: [Dev set] [precision 59.537572] [recall 65.052632] [fscore 62.173038]
root: INFO: [test set] [precision 59.104781] [recall 63.289760] [fscore 61.125723]
root: INFO: 
root: INFO: [Epoch 191 / 800] [Loss: 27.213095] [Time: 75.540513]
root: INFO: [Dev set] [precision 59.338521] [recall 64.210526] [fscore 61.678463]
root: INFO: [test set] [precision 58.987603] [recall 62.200436] [fscore 60.551432]
root: INFO: 
root: INFO: [Epoch 192 / 800] [Loss: 27.912708] [Time: 54.129735]
root: INFO: [Dev set] [precision 58.984375] [recall 63.578947] [fscore 61.195542]
root: INFO: [test set] [precision 58.436214] [recall 61.873638] [fscore 60.105820]
root: INFO: 
root: INFO: [Epoch 193 / 800] [Loss: 31.719380] [Time: 57.589743]
root: INFO: [Dev set] [precision 60.040161] [recall 62.947368] [fscore 61.459404]
root: INFO: [test set] [precision 59.493671] [recall 61.437908] [fscore 60.450161]
root: INFO: 
root: INFO: [Epoch 194 / 800] [Loss: 31.659682] [Time: 54.973147]
root: INFO: [Dev set] [precision 59.566075] [recall 63.578947] [fscore 61.507128]
root: INFO: [test set] [precision 57.927461] [recall 60.893246] [fscore 59.373340]
root: INFO: 
root: INFO: [Epoch 195 / 800] [Loss: 26.234742] [Time: 67.630711]
root: INFO: [Dev set] [precision 61.145194] [recall 62.947368] [fscore 62.033195]
root: INFO: [test set] [precision 59.634015] [recall 60.348584] [fscore 59.989172]
root: INFO: 
root: INFO: [Epoch 196 / 800] [Loss: 32.074205] [Time: 83.252767]
root: INFO: [Dev set] [precision 60.282258] [recall 62.947368] [fscore 61.585994]
root: INFO: [test set] [precision 59.590517] [recall 60.239651] [fscore 59.913326]
root: INFO: 
root: INFO: [Epoch 197 / 800] [Loss: 20.724473] [Time: 56.256412]
root: INFO: [Dev set] [precision 58.869396] [recall 63.578947] [fscore 61.133603]
root: INFO: [test set] [precision 59.023355] [recall 60.566449] [fscore 59.784946]
root: INFO: 
root: INFO: [Epoch 198 / 800] [Loss: 20.980526] [Time: 79.835042]
root: INFO: [Dev set] [precision 59.064327] [recall 63.789474] [fscore 61.336032]
root: INFO: [test set] [precision 58.934169] [recall 61.437908] [fscore 60.160000]
root: INFO: 
root: INFO: [Epoch 199 / 800] [Loss: 26.032199] [Time: 76.777751]
root: INFO: [Dev set] [precision 59.332024] [recall 63.578947] [fscore 61.382114]
root: INFO: [test set] [precision 57.651992] [recall 59.912854] [fscore 58.760684]
root: INFO: 
root: INFO: [Epoch 200 / 800] [Loss: 33.379300] [Time: 79.631502]
root: INFO: [Dev set] [precision 59.801980] [recall 63.578947] [fscore 61.632653]
root: INFO: [test set] [precision 59.654800] [recall 60.239651] [fscore 59.945799]
root: INFO:
root: INFO: The best:
root: INFO: [Dev set] [precision 62.020202] [recall 64.631579] [fscore 63.298969]
root: INFO: [test set] [precision 60.864979] [recall 62.854031] [fscore 61.843516]
root: INFO:
